[debug] [2019-01-22T20:35:41.430Z] ----------------------------------------------------------------------
[debug] [2019-01-22T20:35:41.433Z] Command:       C:\node.js\node.exe C:\node.js\node_modules\firebase-tools\lib\bin\firebase.js serve --only hosting
[debug] [2019-01-22T20:35:41.433Z] CLI Version:   6.3.0
[debug] [2019-01-22T20:35:41.433Z] Platform:      win32
[debug] [2019-01-22T20:35:41.433Z] Node Version:  v8.10.0
[debug] [2019-01-22T20:35:41.435Z] Time:          Tue Jan 22 2019 22:35:41 GMT+0200 (FLE Standard Time)
[debug] [2019-01-22T20:35:41.435Z] ----------------------------------------------------------------------
[debug] 
[debug] [2019-01-22T20:35:41.449Z] > command requires scopes: ["email","openid","https://www.googleapis.com/auth/cloudplatformprojects.readonly","https://www.googleapis.com/auth/firebase","https://www.googleapis.com/auth/cloud-platform"]
[debug] [2019-01-22T20:35:41.450Z] > authorizing via signed-in user
[debug] [2019-01-22T20:35:41.450Z] [iam] checking project friendlychat-1f903 for permissions ["firebase.projects.get"]
[debug] [2019-01-22T20:35:41.452Z] >>> HTTP REQUEST POST https://cloudresourcemanager.googleapis.com/v1/projects/friendlychat-1f903:testIamPermissions  

[debug] [2019-01-22T20:35:42.437Z] <<< HTTP RESPONSE 200
[debug] [2019-01-22T20:35:42.439Z] >>> HTTP REQUEST GET https://cloudresourcemanager.googleapis.com/v1/projects/friendlychat-1f903  
 
[debug] [2019-01-22T20:35:43.362Z] <<< HTTP RESPONSE 200
[info] 
[info] === Serving from 'D:\Firebase\friendlychat-web\web-start'...
[info] 
[debug] [2019-01-22T20:35:43.368Z] >>> HTTP REQUEST GET https://mobilesdk-pa.googleapis.com/v1/projects/935062419315/clients/_:getWebAppConfig  
 
[debug] [2019-01-22T20:35:43.950Z] <<< HTTP RESPONSE 200
[info] i  hosting: Serving hosting files from: ./public
[info] +  hosting: Local server: http://localhost:5000
